<?xml version="1.0" encoding="UTF-8"?>
<!-- Generated by org.testng.reporters.JUnitReportReporter -->
<testsuite hostname="DS-231" failures="0" tests="2" name="testCases.verifyUser" time="2.454" errors="0" timestamp="2021-12-16T17:09:26 IST" skipped="0">
  <testcase classname="testCases.verifyUser" name="confirmUsername" time="2.452"/>
  <system-out/>
  <testcase classname="testCases.verifyUser" name="checkReport" time="0.002"/>
  <system-out/>
</testsuite> <!-- testCases.verifyUser -->
