<?xml version="1.0" encoding="UTF-8"?>
<!-- Generated by org.testng.reporters.JUnitReportReporter -->
<testsuite hostname="DS-231" failures="0" tests="2" name="testCases.verifyUser" time="5.053" errors="0" timestamp="2021-12-13T22:47:35 IST" skipped="0">
  <testcase classname="testCases.verifyUser" name="checkReport" time="0.021"/>
  <system-out/>
  <testcase classname="testCases.verifyUser" name="confirmUsername" time="5.032"/>
  <system-out/>
</testsuite> <!-- testCases.verifyUser -->
