<?xml version="1.0" encoding="UTF-8"?>
<!-- Generated by org.testng.reporters.JUnitReportReporter -->
<testsuite hostname="DS-231" failures="0" tests="2" name="testCases.verifyUser" time="0.014" errors="0" timestamp="2021-11-24T20:27:02 IST" skipped="0">
  <testcase classname="testCases.verifyUser" name="checkReport" time="0.012"/>
  <system-out/>
  <testcase classname="testCases.verifyUser" name="confirmUsername" time="0.002"/>
  <system-out/>
</testsuite> <!-- testCases.verifyUser -->
