<?xml version="1.0" encoding="UTF-8"?>
<!-- Generated by org.testng.reporters.JUnitReportReporter -->
<testsuite hostname="DS-231" failures="0" tests="1" name="testCases.verifyUser" time="0.009" errors="0" timestamp="2021-11-06T23:51:29 IST" skipped="0">
  <testcase classname="testCases.verifyUser" name="confirmUsername" time="0.009"/>
  <system-out/>
</testsuite> <!-- testCases.verifyUser -->
