<?xml version="1.0" encoding="UTF-8"?>
<!-- Generated by org.testng.reporters.JUnitReportReporter -->
<testsuite hostname="DS-231" failures="0" tests="1" name="testCases.verifyUser" time="0.003" errors="0" timestamp="2021-11-11T15:20:47 IST" skipped="0">
  <testcase classname="testCases.verifyUser" name="confirmUsername" time="0.003"/>
  <system-out/>
</testsuite> <!-- testCases.verifyUser -->
